{"C:\\Users\\Instruktor\\Documents\\taskban\\src\\task.ts": {"path":"C:\\Users\\Instruktor\\Documents\\taskban\\src\\task.ts","statementMap":{"0":{"start":{"line":19,"column":13},"end":{"line":30,"column":null}},"1":{"start":{"line":24,"column":2},"end":{"line":30,"column":null}},"2":{"start":{"line":34,"column":13},"end":{"line":35,"column":null}},"3":{"start":{"line":35,"column":2},"end":{"line":35,"column":null}},"4":{"start":{"line":39,"column":13},"end":{"line":40,"column":null}},"5":{"start":{"line":40,"column":2},"end":{"line":40,"column":null}},"6":{"start":{"line":40,"column":32},"end":{"line":40,"column":47}},"7":{"start":{"line":44,"column":13},"end":{"line":73,"column":null}},"8":{"start":{"line":54,"column":30},"end":{"line":54,"column":32}},"9":{"start":{"line":55,"column":2},"end":{"line":70,"column":null}},"10":{"start":{"line":55,"column":15},"end":{"line":55,"column":18}},"11":{"start":{"line":56,"column":17},"end":{"line":56,"column":null}},"12":{"start":{"line":57,"column":4},"end":{"line":70,"column":null}},"13":{"start":{"line":58,"column":6},"end":{"line":68,"column":null}},"14":{"start":{"line":70,"column":6},"end":{"line":70,"column":null}},"15":{"start":{"line":73,"column":2},"end":{"line":73,"column":null}}},"fnMap":{"0":{"name":"(anonymous_0)","decl":{"start":{"line":19,"column":13},"end":{"line":19,"column":null}},"loc":{"start":{"line":23,"column":11},"end":{"line":30,"column":null}},"line":23},"1":{"name":"(anonymous_1)","decl":{"start":{"line":34,"column":13},"end":{"line":34,"column":24}},"loc":{"start":{"line":34,"column":62},"end":{"line":35,"column":null}},"line":34},"2":{"name":"(anonymous_2)","decl":{"start":{"line":39,"column":13},"end":{"line":39,"column":27}},"loc":{"start":{"line":39,"column":65},"end":{"line":40,"column":null}},"line":39},"3":{"name":"(anonymous_3)","decl":{"start":{"line":40,"column":15},"end":{"line":40,"column":23}},"loc":{"start":{"line":40,"column":32},"end":{"line":40,"column":47}},"line":40},"4":{"name":"(anonymous_4)","decl":{"start":{"line":44,"column":13},"end":{"line":44,"column":null}},"loc":{"start":{"line":53,"column":13},"end":{"line":73,"column":null}},"line":53}},"branchMap":{"0":{"loc":{"start":{"line":57,"column":4},"end":{"line":70,"column":null}},"type":"if","locations":[{"start":{"line":57,"column":4},"end":{"line":70,"column":null}},{"start":{"line":69,"column":11},"end":{"line":70,"column":null}}],"line":57}},"s":{"0":1,"1":7,"2":1,"3":2,"4":1,"5":1,"6":2,"7":1,"8":1,"9":1,"10":1,"11":2,"12":2,"13":1,"14":1,"15":1},"f":{"0":7,"1":2,"2":1,"3":2,"4":1},"b":{"0":[1,1]},"meta":{"lastBranch":1,"lastFunction":5,"lastStatement":16,"seen":{"s:19:13:30:Infinity":0,"f:19:13:19:Infinity":0,"s:24:2:30:Infinity":1,"s:34:13:35:Infinity":2,"f:34:13:34:24":1,"s:35:2:35:Infinity":3,"s:39:13:40:Infinity":4,"f:39:13:39:27":2,"s:40:2:40:Infinity":5,"f:40:15:40:23":3,"s:40:32:40:47":6,"s:44:13:73:Infinity":7,"f:44:13:44:Infinity":4,"s:54:30:54:32":8,"s:55:2:70:Infinity":9,"s:55:15:55:18":10,"s:56:17:56:Infinity":11,"b:57:4:70:Infinity:69:11:70:Infinity":0,"s:57:4:70:Infinity":12,"s:58:6:68:Infinity":13,"s:70:6:70:Infinity":14,"s:73:2:73:Infinity":15}}}
}
